#
# There is insufficient memory for the Java Runtime Environment to continue.
# Native memory allocation (mmap) failed to map 132120576 bytes for G1 virtual space
# Possible reasons:
#   The system is out of physical RAM or swap space
#   The process is running with CompressedOops enabled, and the Java Heap may be blocking the growth of the native heap
# Possible solutions:
#   Reduce memory load on the system
#   Increase physical memory or swap space
#   Check if swap backing store is full
#   Decrease Java heap size (-Xmx/-Xms)
#   Decrease number of Java threads
#   Decrease Java thread stack sizes (-Xss)
#   Set larger code cache with -XX:ReservedCodeCacheSize=
#   JVM is running with Unscaled Compressed Oops mode in which the Java heap is
#     placed in the first 4GB address space. The Java Heap base address is the
#     maximum limit for the native heap growth. Please use -XX:HeapBaseMinAddress
#     to set the Java Heap base and to place the Java Heap above 4GB virtual address.
# This output file may be truncated or incomplete.
#
#  Out of Memory Error (./src/hotspot/os/windows/os_windows.cpp:3321), pid=17368, tid=4548
#
# JRE version:  (15.0.1+9) (build )
# Java VM: OpenJDK 64-Bit Server VM (15.0.1+9, mixed mode, sharing, tiered, compressed oops, g1 gc, windows-amd64)
# No core dump will be written. Minidumps are not enabled by default on client versions of Windows
#

---------------  S U M M A R Y ------------

Command Line: -javaagent:C:\Program Files\JetBrains\IntelliJ IDEA 2020.2.3\lib\idea_rt.jar=51357:C:\Program Files\JetBrains\IntelliJ IDEA 2020.2.3\bin -Dfile.encoding=UTF-8 com.khouilid.Main

Host: Intel(R) Core(TM) i7-8650U CPU @ 1.90GHz, 8 cores, 7G,  Windows 10 , 64 bit Build 18362 (10.0.18362.1110)
Time: Mon Dec  7 17:14:21 2020 Morocco Daylight Time elapsed time: 0.039143 seconds (0d 0h 0m 0s)

---------------  T H R E A D  ---------------

Current thread (0x00000247e7912670):  JavaThread "Unknown thread" [_thread_in_vm, id=4548, stack(0x000000e506100000,0x000000e506200000)]

Stack: [0x000000e506100000,0x000000e506200000]
Native frames: (J=compiled Java code, j=interpreted, Vv=VM code, C=native code)
V  [jvm.dll+0x5f76aa]
V  [jvm.dll+0x795e69]
V  [jvm.dll+0x7975c3]
V  [jvm.dll+0x797c13]
V  [jvm.dll+0x1fc3f8]
V  [jvm.dll+0x5f49fa]
V  [jvm.dll+0x5e97e5]
V  [jvm.dll+0x2b5b7d]
V  [jvm.dll+0x2b59e2]
V  [jvm.dll+0x2bb84c]
V  [jvm.dll+0x307658]
V  [jvm.dll+0x306d14]
V  [jvm.dll+0x28ccaa]
V  [jvm.dll+0x28de10]
V  [jvm.dll+0x773b41]
V  [jvm.dll+0x315574]
V  [jvm.dll+0x754ecc]
V  [jvm.dll+0x392fff]
V  [jvm.dll+0x394ca1]
C  [jli.dll+0x5243]
C  [ucrtbase.dll+0x210b2]
C  [KERNEL32.DLL+0x17c24]
C  [ntdll.dll+0x6d4d1]


---------------  P R O C E S S  ---------------

Threads class SMR info:
_java_thread_list=0x00007ffa5940fa50, length=0, elements={
}

Java Threads: ( => current thread )

Other Threads:
  0x00000247e7951660 GCTaskThread "GC Thread#0" [stack: 0x000000e506200000,0x000000e506300000] [id=17684]
  0x00000247e79625c0 ConcurrentGCThread "G1 Main Marker" [stack: 0x000000e506300000,0x000000e506400000] [id=5216]
  0x00000247e79639d0 ConcurrentGCThread "G1 Conc#0" [stack: 0x000000e506400000,0x000000e506500000] [id=7972]

[error occurred during error reporting (printing all threads), id 0xc0000005, EXCEPTION_ACCESS_VIOLATION (0xc0000005) at pc=0x00007ffa58bbdd97]

VM state: not at safepoint (not fully initialized)

VM Mutex/Monitor currently owned by a thread:  ([mutex/lock_event])
[0x00000247e790dfe0] Heap_lock - owner thread: 0x00000247e7912670

Heap address: 0x0000000082200000, size: 2014 MB, Compressed Oops mode: 32-bit
CDS archive(s) mapped at: [0x0000000000000000-0x0000000000000000-0x0000000000000000), size 0, SharedBaseAddress: 0x0000000800000000, ArchiveRelocationMode: 0.
Narrow klass base: 0x0000000000000000, Narrow klass shift: 0, Narrow klass range: 0x0

Heap:
 garbage-first heap   total 129024K, used 0K [0x0000000082200000, 0x0000000100000000)
  region size 1024K, 0 young (0K), 0 survivors (0K)
 Metaspace       used 0K, capacity 0K, committed 0K, reserved 0K
  class space    used 0K, capacity 0K, committed 0K, reserved 0K

Heap Regions: E=young(eden), S=young(survivor), O=old, HS=humongous(starts), HC=humongous(continues), CS=collection set, F=free, OA=open archive, CA=closed archive, TAMS=top-at-mark-start (previous, next)

Card table byte_map: [0x00000247f2450000,0x00000247f2840000] _byte_map_base: 0x00000247f203f000

Marking Bits (Prev, Next): (CMBitMap*) 0x00000247e7951ed0, (CMBitMap*) 0x00000247e7951f10
 Prev Bits: [0x00000247f2c30000, 0x00000247f4ba8000)
 Next Bits: [0x00000247f4bb0000, 0x00000247f6b28000)

GC Heap History (0 events):
No events

Deoptimization events (0 events):
No events

Classes unloaded (0 events):
No events

Classes redefined (0 events):
No events

Internal exceptions (0 events):
No events

Events (1 events):
Event: 0.031 Loaded shared library C:\Program Files\AdoptOpenJDK\jdk-15.0.1.9-hotspot\bin\java.dll


Dynamic libraries:
0x00007ff78b850000 - 0x00007ff78b85d000 	C:\Program Files\AdoptOpenJDK\jdk-15.0.1.9-hotspot\bin\java.exe
0x00007ffaa5fc0000 - 0x00007ffaa61b0000 	C:\WINDOWS\SYSTEM32\ntdll.dll
0x00007ffa74ab0000 - 0x00007ffa74ac2000 	C:\Program Files\AVAST Software\Avast\aswhook.dll
0x00007ffaa5820000 - 0x00007ffaa58d2000 	C:\WINDOWS\System32\KERNEL32.DLL
0x00007ffaa3230000 - 0x00007ffaa34d5000 	C:\WINDOWS\System32\KERNELBASE.dll
0x00007ffaa3500000 - 0x00007ffaa35fa000 	C:\WINDOWS\System32\ucrtbase.dll
0x00007ffa83c00000 - 0x00007ffa83c18000 	C:\Program Files\AdoptOpenJDK\jdk-15.0.1.9-hotspot\bin\jli.dll
0x00007ffaa4260000 - 0x00007ffaa43f4000 	C:\WINDOWS\System32\USER32.dll
0x00007ffaa3e40000 - 0x00007ffaa3e61000 	C:\WINDOWS\System32\win32u.dll
0x00007ffaa5090000 - 0x00007ffaa50b6000 	C:\WINDOWS\System32\GDI32.dll
0x00007ffaa2fe0000 - 0x00007ffaa3176000 	C:\WINDOWS\System32\gdi32full.dll
0x00007ffaa2f40000 - 0x00007ffaa2fde000 	C:\WINDOWS\System32\msvcp_win.dll
0x00007ffa83be0000 - 0x00007ffa83bf5000 	C:\Program Files\AdoptOpenJDK\jdk-15.0.1.9-hotspot\bin\VCRUNTIME140.dll
0x00007ffa8bcf0000 - 0x00007ffa8bf74000 	C:\WINDOWS\WinSxS\amd64_microsoft.windows.common-controls_6595b64144ccf1df_6.0.18362.1198_none_9e820b57e45ad92f\COMCTL32.dll
0x00007ffaa4420000 - 0x00007ffaa44be000 	C:\WINDOWS\System32\msvcrt.dll
0x00007ffaa59b0000 - 0x00007ffaa5ce5000 	C:\WINDOWS\System32\combase.dll
0x00007ffaa4e50000 - 0x00007ffaa4f70000 	C:\WINDOWS\System32\RPCRT4.dll
0x00007ffaa31b0000 - 0x00007ffaa3230000 	C:\WINDOWS\System32\bcryptPrimitives.dll
0x00007ffaa50c0000 - 0x00007ffaa50ee000 	C:\WINDOWS\System32\IMM32.DLL
0x00007ffa70020000 - 0x00007ffa700bb000 	C:\Program Files\AdoptOpenJDK\jdk-15.0.1.9-hotspot\bin\msvcp140.dll
0x00007ffa58920000 - 0x00007ffa594ae000 	C:\Program Files\AdoptOpenJDK\jdk-15.0.1.9-hotspot\bin\server\jvm.dll
0x00007ffaa4cc0000 - 0x00007ffaa4d63000 	C:\WINDOWS\System32\ADVAPI32.dll
0x00007ffaa50f0000 - 0x00007ffaa5187000 	C:\WINDOWS\System32\sechost.dll
0x00007ffaa5190000 - 0x00007ffaa5198000 	C:\WINDOWS\System32\PSAPI.DLL
0x00007ffa8e600000 - 0x00007ffa8e609000 	C:\WINDOWS\SYSTEM32\WSOCK32.dll
0x00007ffaa4f70000 - 0x00007ffaa4fdf000 	C:\WINDOWS\System32\WS2_32.dll
0x00007ffa9bbd0000 - 0x00007ffa9bbf4000 	C:\WINDOWS\SYSTEM32\WINMM.dll
0x00007ffa9a270000 - 0x00007ffa9a27a000 	C:\WINDOWS\SYSTEM32\VERSION.dll
0x00007ffa9bb70000 - 0x00007ffa9bb9d000 	C:\WINDOWS\SYSTEM32\WINMMBASE.dll
0x00007ffaa3fc0000 - 0x00007ffaa400a000 	C:\WINDOWS\System32\cfgmgr32.dll
0x00007ffaa2f20000 - 0x00007ffaa2f31000 	C:\WINDOWS\System32\kernel.appcore.dll
0x00007ffa90990000 - 0x00007ffa9099a000 	C:\Program Files\AdoptOpenJDK\jdk-15.0.1.9-hotspot\bin\jimage.dll
0x00007ffaa1720000 - 0x00007ffaa1914000 	C:\WINDOWS\SYSTEM32\DBGHELP.DLL
0x00007ffa97040000 - 0x00007ffa9706a000 	C:\WINDOWS\SYSTEM32\dbgcore.DLL
0x00007ffa8f870000 - 0x00007ffa8f87e000 	C:\Program Files\AdoptOpenJDK\jdk-15.0.1.9-hotspot\bin\instrument.dll
0x00007ffa83ba0000 - 0x00007ffa83bc5000 	C:\Program Files\AdoptOpenJDK\jdk-15.0.1.9-hotspot\bin\java.dll

dbghelp: loaded successfully - version: 4.0.5 - missing functions: none
symbol engine: initialized successfully - sym options: 0x614 - pdb path: .;C:\Program Files\AdoptOpenJDK\jdk-15.0.1.9-hotspot\bin;C:\WINDOWS\SYSTEM32;C:\Program Files\AVAST Software\Avast;C:\WINDOWS\WinSxS\amd64_microsoft.windows.common-controls_6595b64144ccf1df_6.0.18362.1198_none_9e820b57e45ad92f;C:\Program Files\AdoptOpenJDK\jdk-15.0.1.9-hotspot\bin\server

VM Arguments:
jvm_args: -javaagent:C:\Program Files\JetBrains\IntelliJ IDEA 2020.2.3\lib\idea_rt.jar=51357:C:\Program Files\JetBrains\IntelliJ IDEA 2020.2.3\bin -Dfile.encoding=UTF-8 
java_command: com.khouilid.Main
java_class_path (initial): C:\Users\Youcode\Desktop\Atelier_3\out\production\Atelier_3
Launcher Type: SUN_STANDARD

[Global flags]
     intx CICompilerCount                          = 4                                         {product} {ergonomic}
     uint ConcGCThreads                            = 2                                         {product} {ergonomic}
     uint G1ConcRefinementThreads                  = 8                                         {product} {ergonomic}
   size_t G1HeapRegionSize                         = 1048576                                   {product} {ergonomic}
    uintx GCDrainStackTargetSize                   = 64                                        {product} {ergonomic}
   size_t InitialHeapSize                          = 132120576                                 {product} {ergonomic}
   size_t MarkStackSize                            = 4194304                                   {product} {ergonomic}
   size_t MaxHeapSize                              = 2111832064                                {product} {ergonomic}
   size_t MinHeapDeltaBytes                        = 1048576                                   {product} {ergonomic}
   size_t MinHeapSize                              = 8388608                                   {product} {ergonomic}
    uintx NonNMethodCodeHeapSize                   = 5839372                                {pd product} {ergonomic}
    uintx NonProfiledCodeHeapSize                  = 122909434                              {pd product} {ergonomic}
    uintx ProfiledCodeHeapSize                     = 122909434                              {pd product} {ergonomic}
    uintx ReservedCodeCacheSize                    = 251658240                              {pd product} {ergonomic}
     bool SegmentedCodeCache                       = true                                      {product} {ergonomic}
   size_t SoftMaxHeapSize                          = 2111832064                             {manageable} {ergonomic}
     bool UseCompressedClassPointers               = true                                 {lp64_product} {ergonomic}
     bool UseCompressedOops                        = true                                 {lp64_product} {ergonomic}
     bool UseG1GC                                  = true                                      {product} {ergonomic}
     bool UseLargePagesIndividualAllocation        = false                                  {pd product} {ergonomic}

Logging:
Log output configuration:
 #0: stdout all=warning uptime,level,tags
 #1: stderr all=off uptime,level,tags

Environment Variables:
PATH=C:\Program Files\AdoptOpenJDK\jdk-15.0.1.9-hotspot\bin;C:\Program Files (x86)\Common Files\Oracle\Java\javapath;C:\WINDOWS\system32;C:\WINDOWS;C:\WINDOWS\System32\Wbem;C:\WINDOWS\System32\WindowsPowerShell\v1.0\;C:\WINDOWS\System32\OpenSSH\;C:\Program Files\Intel\WiFi\bin\;C:\Program Files\Common Files\Intel\WirelessCommon\;C:\Program Files\Git\cmd;C:\Program Files\Perforce\;C:\Program Files\nodejs\;C:\xampp\php;C:\ProgramData\ComposerSetup\bin;C:\Program Files (x86)\Intel\Intel(R) Management Engine Components\DAL;C:\Program Files\Intel\Intel(R) Management Engine Components\DAL;C:\xampp_\php;C:\Program Files\PuTTY\;C:\Python\Python38\Scripts\;C:\Python\Python38\;C:\Users\Youcode\AppData\Local\Microsoft\WindowsApps;C:\Users\Youcode\AppData\Local\Programs\Microsoft VS Code\bin;C:\Users\Youcode\PyCharm\bin;C:\Users\Youcode\AppData\Roaming\npm;C:\Users\Youcode\AppData\Local\GitHubDesktop\bin;C:\Users\Youcode\AppData\Roaming\Composer\vendor\bin;C:\Users\Youcode\AppData\Local\Microsoft\WindowsApps;C:\Program Files\JetBrains\IntelliJ IDEA 2020.2.3\bin;
USERNAME=Youcode
OS=Windows_NT
PROCESSOR_IDENTIFIER=Intel64 Family 6 Model 142 Stepping 10, GenuineIntel



---------------  S Y S T E M  ---------------

OS:
 Windows 10 , 64 bit Build 18362 (10.0.18362.1110)
OS uptime: 0 days 0:32 hours
HyperV virtualization detected

CPU: total 8 (initial active 8) (4 cores per cpu, 2 threads per core) family 6 model 142 stepping 10 microcode 0xb4, cmov, cx8, fxsr, mmx, sse, sse2, sse3, ssse3, sse4.1, sse4.2, popcnt, vzeroupper, avx, avx2, aes, clmul, erms, rtm, 3dnowpref, lzcnt, ht, tsc, tscinvbit, bmi1, bmi2, adx, fma, clflush, clflushopt

Memory: 4k page, system-wide physical 8051M (1044M free)
TotalPageFile size 8051M (AvailPageFile size 17M)
current process WorkingSet (physical memory assigned to process): 10M, peak: 10M
current process commit charge ("private bytes"): 60M, peak: 186M

vm_info: OpenJDK 64-Bit Server VM (15.0.1+9) for windows-amd64 JRE (15.0.1+9), built on Oct 23 2020 04:11:16 by "" with MS VC++ 15.9 (VS2017)

END.
